<?xml version="1.0" encoding="UTF-8"?>
<!-- Generated by org.testng.reporters.JUnitReportReporter -->
<testsuite hostname="vdc01hpd-0072" name="com.Framework.SelfServiceSuite.Self_Services" tests="1" failures="0" timestamp="11 Jun 2014 05:06:11 GMT" time="96.919" errors="0">
  <testcase name="Selfservices" time="96.919" classname="com.Framework.SelfServiceSuite.Self_Services"/>
</testsuite> <!-- com.Framework.SelfServiceSuite.Self_Services -->
