<?xml version="1.0" encoding="UTF-8"?>
<!-- Generated by org.testng.reporters.JUnitReportReporter -->
<testsuite hostname="vdc01hpd-0072" name="com.Framework.Registration.Tests.Testcase_3" tests="1" failures="0" timestamp="29 May 2014 03:31:04 GMT" time="10.812" errors="0">
  <testcase name="TestCase3" time="10.812" classname="com.Framework.Registration.Tests.Testcase_3"/>
</testsuite> <!-- com.Framework.Registration.Tests.Testcase_3 -->
