<?xml version="1.0" encoding="UTF-8"?>
<!-- Generated by org.testng.reporters.JUnitReportReporter -->
<testsuite hostname="vdc01hpd-0072" name="com.NFHS.TestSuites.ForgotPasswordSuite.Forgot_Password4" tests="1" failures="0" timestamp="22 Sep 2014 10:22:38 GMT" time="21.609" errors="0">
  <testcase name="forgot_Password_4" time="21.609" classname="com.NFHS.TestSuites.ForgotPasswordSuite.Forgot_Password4"/>
</testsuite> <!-- com.NFHS.TestSuites.ForgotPasswordSuite.Forgot_Password4 -->
