<?xml version="1.0" encoding="UTF-8"?>
<!-- Generated by org.testng.reporters.JUnitReportReporter -->
<testsuite hostname="vdc01hpd-0072" name="com.NFHS.TestSuites.RegistrationSuite.Registration_Account_Setup2" tests="1" failures="0" timestamp="20 Sep 2014 23:41:57 GMT" time="20.593" errors="0">
  <testcase name="Registration_of_New_User" time="20.593" classname="com.NFHS.TestSuites.RegistrationSuite.Registration_Account_Setup2"/>
</testsuite> <!-- com.NFHS.TestSuites.RegistrationSuite.Registration_Account_Setup2 -->
