<?xml version="1.0" encoding="UTF-8"?>
<!-- Generated by org.testng.reporters.JUnitReportReporter -->
<testsuite hostname="vdc01hpd-0072" name="com.Framework.RegistrationSuite.Registration_Of_New_User" tests="1" failures="0" timestamp="30 May 2014 19:27:28 GMT" time="94.749" errors="0">
  <testcase name="Registration_of_New_User" time="94.749" classname="com.Framework.RegistrationSuite.Registration_Of_New_User"/>
</testsuite> <!-- com.Framework.RegistrationSuite.Registration_Of_New_User -->
