<?xml version="1.0" encoding="UTF-8"?>
<!-- Generated by org.testng.reporters.JUnitReportReporter -->
<testsuite hostname="vdc01hpd-0072" name="com.NFHS.TestSuites.ForgotPasswordSuite.Forgot_Password1" tests="1" failures="0" timestamp="21 Sep 2014 12:50:18 GMT" time="17.594" errors="0">
  <testcase name="forgot_Password_1" time="17.594" classname="com.NFHS.TestSuites.ForgotPasswordSuite.Forgot_Password1"/>
</testsuite> <!-- com.NFHS.TestSuites.ForgotPasswordSuite.Forgot_Password1 -->
