<?xml version="1.0" encoding="UTF-8"?>
<!-- Generated by org.testng.reporters.JUnitReportReporter -->
<testsuite hostname="vdc01hpd-0072" name="test.HighlightingElement" tests="1" failures="0" timestamp="17 Aug 2014 10:26:04 GMT" time="24.968" errors="0">
  <testcase name="test" time="24.968" classname="test.HighlightingElement"/>
</testsuite> <!-- test.HighlightingElement -->
