<?xml version="1.0" encoding="UTF-8"?>
<!-- Generated by org.testng.reporters.JUnitReportReporter -->
<testsuite hostname="vdc01hpd-0072" name="com.NFHS.TestSuites.ForgotPasswordSuite.Forgot_Password2" tests="1" failures="1" timestamp="22 Sep 2014 10:22:38 GMT" time="0.000" errors="0">
  <testcase name="forgot_Password_2" time="0.000" classname="com.NFHS.TestSuites.ForgotPasswordSuite.Forgot_Password2"/>
</testsuite> <!-- com.NFHS.TestSuites.ForgotPasswordSuite.Forgot_Password2 -->
