<?xml version="1.0" encoding="UTF-8"?>
<!-- Generated by org.testng.reporters.JUnitReportReporter -->
<testsuite hostname="vdc01hpd-0072" name="com.Framework.Registration.Tests.Testcase_10" tests="1" failures="0" timestamp="24 May 2014 21:43:53 GMT" time="58.561" errors="0">
  <testcase name="testcase6" time="58.561" classname="com.Framework.Registration.Tests.Testcase_10"/>
</testsuite> <!-- com.Framework.Registration.Tests.Testcase_10 -->
