<?xml version="1.0" encoding="UTF-8"?>
<!-- Generated by org.testng.reporters.JUnitReportReporter -->
<testsuite hostname="vdc01hpd-0072" name="com.Framework.Registration.Tests.Testcase_23" tests="1" failures="0" timestamp="28 May 2014 07:02:37 GMT" time="18.128" errors="0">
  <testcase name="testcase23" time="18.128" classname="com.Framework.Registration.Tests.Testcase_23"/>
</testsuite> <!-- com.Framework.Registration.Tests.Testcase_23 -->
