<?xml version="1.0" encoding="UTF-8"?>
<!-- Generated by org.testng.reporters.JUnitReportReporter -->
<testsuite hostname="vdc01hpd-0072" name="com.NFHS.TestSuites.MyCoursesDistribution.MC_Distribution7" tests="1" failures="0" timestamp="29 Sep 2014 17:19:27 GMT" time="40.939" errors="0">
  <testcase name="mc_Distribution7" time="40.939" classname="com.NFHS.TestSuites.MyCoursesDistribution.MC_Distribution7"/>
</testsuite> <!-- com.NFHS.TestSuites.MyCoursesDistribution.MC_Distribution7 -->
