<?xml version="1.0" encoding="UTF-8"?>
<!-- Generated by org.testng.reporters.JUnitReportReporter -->
<testsuite hostname="vdc01hpd-0072" name="com.NFHS.TestSuites.ForgotPasswordSuite.Forgot_Password15" tests="1" failures="0" timestamp="29 Sep 2014 12:01:00 GMT" time="49.814" errors="0">
  <testcase name="forgot_Password_15" time="49.814" classname="com.NFHS.TestSuites.ForgotPasswordSuite.Forgot_Password15"/>
</testsuite> <!-- com.NFHS.TestSuites.ForgotPasswordSuite.Forgot_Password15 -->
