<?xml version="1.0" encoding="UTF-8"?>
<!-- Generated by org.testng.reporters.JUnitReportReporter -->
<testsuite hostname="vdc01hpd-0072" name="test.CaptureElement" tests="1" failures="0" timestamp="17 Aug 2014 11:21:51 GMT" time="18.015" errors="0">
  <testcase name="test" time="18.015" classname="test.CaptureElement"/>
</testsuite> <!-- test.CaptureElement -->
