<?xml version="1.0" encoding="UTF-8"?>
<!-- Generated by org.testng.reporters.JUnitReportReporter -->
<testsuite hostname="vdc01hpd-0072" name="com.Framework.TestSuites.Checkout.Check_Out_Using_Card" tests="1" failures="0" timestamp="7 Jun 2014 21:50:30 GMT" time="133.403" errors="0">
  <testcase name="CheckOutUsingCard" time="133.403" classname="com.Framework.TestSuites.Checkout.Check_Out_Using_Card"/>
</testsuite> <!-- com.Framework.TestSuites.Checkout.Check_Out_Using_Card -->
