<?xml version="1.0" encoding="UTF-8"?>
<!-- Generated by org.testng.reporters.JUnitReportReporter -->
<testsuite hostname="vdc01hpd-0072" name="com.Framework.Registration.Tests.Testcase_4" tests="1" failures="0" timestamp="29 May 2014 03:31:04 GMT" time="16.609" errors="0">
  <testcase name="TestCase4" time="16.609" classname="com.Framework.Registration.Tests.Testcase_4"/>
</testsuite> <!-- com.Framework.Registration.Tests.Testcase_4 -->
