<?xml version="1.0" encoding="UTF-8"?>
<!-- Generated by org.testng.reporters.JUnitReportReporter -->
<testsuite hostname="vdc01hpd-0072" name="com.Framework.Registration.Tests.Testcase_1" tests="1" failures="0" timestamp="29 May 2014 03:31:04 GMT" time="23.656" errors="0">
  <testcase name="TestCase1" time="23.656" classname="com.Framework.Registration.Tests.Testcase_1"/>
</testsuite> <!-- com.Framework.Registration.Tests.Testcase_1 -->
