<?xml version="1.0" encoding="UTF-8"?>
<!-- Generated by org.testng.reporters.JUnitReportReporter -->
<testsuite hostname="vdc01hpd-0072" name="com.Framework.TestSuites.RegistrationSuite.Registration_Account_Setup4" tests="1" failures="1" timestamp="20 Sep 2014 21:39:43 GMT" time="0.000" errors="0">
  <testcase name="Registration_of_New_User" time="0.000" classname="com.Framework.TestSuites.RegistrationSuite.Registration_Account_Setup4"/>
</testsuite> <!-- com.Framework.TestSuites.RegistrationSuite.Registration_Account_Setup4 -->
