<?xml version="1.0" encoding="UTF-8"?>
<!-- Generated by org.testng.reporters.JUnitReportReporter -->
<testsuite hostname="vdc01hpd-0072" name="com.Framework.TestSuites.RegistrationSuite.Registration_Account_Setup6" tests="1" failures="0" timestamp="20 Sep 2014 21:39:43 GMT" time="43.310" errors="0">
  <testcase name="Registration_of_New_User" time="43.310" classname="com.Framework.TestSuites.RegistrationSuite.Registration_Account_Setup6"/>
</testsuite> <!-- com.Framework.TestSuites.RegistrationSuite.Registration_Account_Setup6 -->
