<?xml version="1.0" encoding="UTF-8"?>
<!-- Generated by org.testng.reporters.JUnitReportReporter -->
<testsuite hostname="vdc01hpd-0072" name="com.NFHS.TestSuites.ForgotPasswordSuite.Forgot_Password3" tests="2" failures="0" timestamp="22 Sep 2014 10:22:38 GMT" time="42.920" errors="0">
  <testcase name="forgot_Password_3" time="21.983" classname="com.NFHS.TestSuites.ForgotPasswordSuite.Forgot_Password3"/>
  <testcase name="forgot_Password_3" time="20.937" classname="com.NFHS.TestSuites.ForgotPasswordSuite.Forgot_Password3"/>
</testsuite> <!-- com.NFHS.TestSuites.ForgotPasswordSuite.Forgot_Password3 -->
