<?xml version="1.0" encoding="UTF-8"?>
<!-- Generated by org.testng.reporters.JUnitReportReporter -->
<testsuite hostname="vdc01hpd-0072" name="com.NFHS.TestSuites.CompleteCourse.Complete_Course_1" tests="1" failures="0" timestamp="27 Sep 2014 22:31:07 GMT" time="27.769" errors="0">
  <testcase name="complete_Course_1" time="27.769" classname="com.NFHS.TestSuites.CompleteCourse.Complete_Course_1"/>
</testsuite> <!-- com.NFHS.TestSuites.CompleteCourse.Complete_Course_1 -->
