<?xml version="1.0" encoding="UTF-8"?>
<!-- Generated by org.testng.reporters.JUnitReportReporter -->
<testsuite hostname="vdc01hpd-0072" name="com.Framework.TestSuites.Catalogue.Catalogue_Browsing" tests="1" failures="0" timestamp="1 Jun 2014 15:01:16 GMT" time="290.231" errors="0">
  <testcase name="Catalogue_browsing" time="290.231" classname="com.Framework.TestSuites.Catalogue.Catalogue_Browsing"/>
</testsuite> <!-- com.Framework.TestSuites.Catalogue.Catalogue_Browsing -->
