<?xml version="1.0" encoding="UTF-8"?>
<!-- Generated by org.testng.reporters.JUnitReportReporter -->
<testsuite hostname="vdc01hpd-0072" name="com.NFHS.TestSuites.RegistrationSuite.Registration_Account_Setup5" tests="1" failures="0" timestamp="20 Sep 2014 23:41:57 GMT" time="21.186" errors="0">
  <testcase name="Registration_of_New_User" time="21.186" classname="com.NFHS.TestSuites.RegistrationSuite.Registration_Account_Setup5"/>
</testsuite> <!-- com.NFHS.TestSuites.RegistrationSuite.Registration_Account_Setup5 -->
