<?xml version="1.0" encoding="UTF-8"?>
<!-- Generated by org.testng.reporters.JUnitReportReporter -->
<testsuite hostname="vdc01hpd-0072" name="com.NFHS.TestSuites.ForgotPasswordSuite.Forgot_Password10" tests="1" failures="1" timestamp="29 Sep 2014 12:01:00 GMT" time="0.000" errors="0">
  <testcase name="forgot_Password_10" time="0.000" classname="com.NFHS.TestSuites.ForgotPasswordSuite.Forgot_Password10"/>
</testsuite> <!-- com.NFHS.TestSuites.ForgotPasswordSuite.Forgot_Password10 -->
