<?xml version="1.0" encoding="UTF-8"?>
<!-- Generated by org.testng.reporters.JUnitReportReporter -->
<testsuite hostname="vdc01hpd-0072" name="com.NFHS.TestSuites.MyCoursesDistribution.MC_Distribution5" tests="1" failures="1" timestamp="29 Sep 2014 17:19:27 GMT" time="0.015" errors="0">
  <testcase name="mc_Distribution5" time="0.015" classname="com.NFHS.TestSuites.MyCoursesDistribution.MC_Distribution5"/>
</testsuite> <!-- com.NFHS.TestSuites.MyCoursesDistribution.MC_Distribution5 -->
