<?xml version="1.0" encoding="UTF-8"?>
<!-- Generated by org.testng.reporters.JUnitReportReporter -->
<testsuite hostname="vdc01hpd-0072" name="com.Framework.TestSuites.RegistrationSuite.Registration_Of_New_User" tests="1" failures="0" timestamp="15 Sep 2014 17:01:32 GMT" time="40.050" errors="0">
  <testcase name="Registration_of_New_User" time="40.050" classname="com.Framework.TestSuites.RegistrationSuite.Registration_Of_New_User"/>
</testsuite> <!-- com.Framework.TestSuites.RegistrationSuite.Registration_Of_New_User -->
