<?xml version="1.0" encoding="UTF-8"?>
<!-- Generated by org.testng.reporters.JUnitReportReporter -->
<testsuite hostname="vdc01hpd-0072" name="com.NFHS.TestSuites.RegistrationSuite.Registration_Account_Setup1" tests="1" failures="0" timestamp="20 Sep 2014 23:41:57 GMT" time="19.109" errors="0">
  <testcase name="Registration_of_New_User" time="19.109" classname="com.NFHS.TestSuites.RegistrationSuite.Registration_Account_Setup1"/>
</testsuite> <!-- com.NFHS.TestSuites.RegistrationSuite.Registration_Account_Setup1 -->
