<?xml version="1.0" encoding="UTF-8"?>
<!-- Generated by org.testng.reporters.JUnitReportReporter -->
<testsuite hostname="vdc01hpd-0072" name="com.Framework.RegistrationSuite.Registration_Of_Existing_User" tests="1" failures="0" timestamp="29 May 2014 07:46:26 GMT" time="68.077" errors="0">
  <testcase name="Registration_of_Existing_User" time="68.077" classname="com.Framework.RegistrationSuite.Registration_Of_Existing_User"/>
</testsuite> <!-- com.Framework.RegistrationSuite.Registration_Of_Existing_User -->
