<?xml version="1.0" encoding="UTF-8"?>
<!-- Generated by org.testng.reporters.JUnitReportReporter -->
<testsuite hostname="vdc01hpd-0072" name="com.Framework.Registration.Tests.Testcase_8" tests="1" failures="0" timestamp="29 May 2014 03:31:04 GMT" time="35.780" errors="0">
  <testcase name="testcase8" time="35.780" classname="com.Framework.Registration.Tests.Testcase_8"/>
</testsuite> <!-- com.Framework.Registration.Tests.Testcase_8 -->
