<?xml version="1.0" encoding="UTF-8"?>
<!-- Generated by org.testng.reporters.JUnitReportReporter -->
<testsuite hostname="vdc01hpd-0072" name="com.Framework.TestSuites.QuickAddSuite.Quick_Add" tests="1" failures="0" timestamp="9 Sep 2014 03:53:44 GMT" time="64.616" errors="0">
  <testcase name="Quickadd" time="64.616" classname="com.Framework.TestSuites.QuickAddSuite.Quick_Add"/>
</testsuite> <!-- com.Framework.TestSuites.QuickAddSuite.Quick_Add -->
