<?xml version="1.0" encoding="UTF-8"?>
<!-- Generated by org.testng.reporters.JUnitReportReporter -->
<testsuite hostname="vdc01hpd-0072" name="com.Framework.suiteA.Testcase_A1" tests="2" failures="0" timestamp="23 May 2014 21:47:38 GMT" time="0.406" errors="0">
  <testcase name="test1" time="0.141" classname="com.Framework.suiteA.Testcase_A1"/>
  <testcase name="test1" time="0.265" classname="com.Framework.suiteA.Testcase_A1"/>
</testsuite> <!-- com.Framework.suiteA.Testcase_A1 -->
