<?xml version="1.0" encoding="UTF-8"?>
<!-- Generated by org.testng.reporters.JUnitReportReporter -->
<testsuite hostname="vdc01hpd-0072" name="com.Framework.Registration.Tests.Testcase_5" tests="1" failures="0" timestamp="29 May 2014 03:31:04 GMT" time="30.062" errors="0">
  <testcase name="TestCase5" time="30.062" classname="com.Framework.Registration.Tests.Testcase_5"/>
</testsuite> <!-- com.Framework.Registration.Tests.Testcase_5 -->
