<?xml version="1.0" encoding="UTF-8"?>
<!-- Generated by org.testng.reporters.JUnitReportReporter -->
<testsuite hostname="vdc01hpd-0072" name="com.NFHS.TestSuites.RegistrationSuite.Registration_Account_Setup6" tests="1" failures="1" timestamp="21 Sep 2014 14:54:19 GMT" time="0.000" errors="0">
  <testcase name="Registration_of_New_User" time="0.000" classname="com.NFHS.TestSuites.RegistrationSuite.Registration_Account_Setup6"/>
</testsuite> <!-- com.NFHS.TestSuites.RegistrationSuite.Registration_Account_Setup6 -->
